<?xml version="1.0" encoding="UTF-8"?>
<!-- Generated by org.testng.reporters.JUnitXMLReporter -->
<testsuite ignored="3" hostname="DESKTOP-T43P9M7" failures="0" tests="3" name="Test(failed)(failed)" time="0.115" errors="0" timestamp="2023-01-12T20:47:14 IST">
  <testcase classname="TestNG.suite1" name="TC1" time="0.023"/>
  <testcase classname="TestNG.suite3" name="TC5" time="0.004"/>
  <testcase classname="TestNG.suite2" name="TC3" time="0.004"/>
  <testcase classname="TestNG.suite2" name="TC4" time="0.0">
    <ignored/>
  </testcase> <!-- TC4 -->
  <testcase classname="TestNG.suite3" name="TC6" time="0.0">
    <ignored/>
  </testcase> <!-- TC6 -->
  <testcase classname="TestNG.suite1" name="TC2" time="0.0">
    <ignored/>
  </testcase> <!-- TC2 -->
</testsuite> <!-- Test(failed)(failed) -->
